[    0.000000] Linux version 4.15.0-121-generic (buildd@lgw01-amd64-034) (gcc version 7.5.0 (Ubuntu 7.5.0-3ubuntu1~18.04)) #123-Ubuntu SMP Mon Oct 5 16:16:40 UTC 2020 (Ubuntu 4.15.0-121.123-generic 4.15.18)
[    0.000000] Command line: BOOT_IMAGE=/boot/vmlinuz-4.15.0-121-generic root=LABEL=cloudimg-rootfs ro console=tty1 console=ttyS0
[    0.000000] KERNEL supported cpus:
[    0.000000]   Intel GenuineIntel
[    0.000000]   AMD AuthenticAMD
[    0.000000]   Centaur CentaurHauls
[    0.000000] x86/fpu: Supporting XSAVE feature 0x001: 'x87 floating point registers'
[    0.000000] x86/fpu: Supporting XSAVE feature 0x002: 'SSE registers'
[    0.000000] x86/fpu: Supporting XSAVE feature 0x004: 'AVX registers'
[    0.000000] x86/fpu: xstate_offset[2]:  576, xstate_sizes[2]:  256
[    0.000000] x86/fpu: Enabled xstate features 0x7, context size is 832 bytes, using 'standard' format.
[    0.000000] e820: BIOS-provided physical RAM map:
[    0.000000] BIOS-e820: [mem 0x0000000000000000-0x000000000009fbff] usable
[    0.000000] BIOS-e820: [mem 0x000000000009fc00-0x000000000009ffff] reserved
[    0.000000] BIOS-e820: [mem 0x00000000000f0000-0x00000000000fffff] reserved
[    0.000000] BIOS-e820: [mem 0x0000000000100000-0x000000007ffeffff] usable
[    0.000000] BIOS-e820: [mem 0x000000007fff0000-0x000000007fffffff] ACPI data
[    0.000000] BIOS-e820: [mem 0x00000000fec00000-0x00000000fec00fff] reserved
[    0.000000] BIOS-e820: [mem 0x00000000fee00000-0x00000000fee00fff] reserved
[    0.000000] BIOS-e820: [mem 0x00000000fffc0000-0x00000000ffffffff] reserved
[    0.000000] NX (Execute Disable) protection: active
[    0.000000] SMBIOS 2.5 present.
[    0.000000] DMI: innotek GmbH VirtualBox/VirtualBox, BIOS VirtualBox 12/01/2006
[    0.000000] Hypervisor detected: KVM
[    0.000000] e820: last_pfn = 0x7fff0 max_arch_pfn = 0x400000000
[    0.000000] MTRR: Disabled
[    0.000000] x86/PAT: MTRRs disabled, skipping PAT initialization too.
[    0.000000] CPU MTRRs all blank - virtualized system.
[    0.000000] x86/PAT: Configuration [0-7]: WB  WT  UC- UC  WB  WT  UC- UC  
[    0.000000] found SMP MP-table at [mem 0x0009fff0-0x0009ffff]
[    0.000000] Scanning 1 areas for low memory corruption
[    0.000000] RAMDISK: [mem 0x35a67000-0x36d2afff]
[    0.000000] ACPI: Early table checksum verification disabled
[    0.000000] ACPI: RSDP 0x00000000000E0000 000024 (v02 VBOX  )
[    0.000000] ACPI: XSDT 0x000000007FFF0030 00003C (v01 VBOX   VBOXXSDT 00000001 ASL  00000061)
[    0.000000] ACPI: FACP 0x000000007FFF00F0 0000F4 (v04 VBOX   VBOXFACP 00000001 ASL  00000061)
[    0.000000] ACPI: DSDT 0x000000007FFF0470 002325 (v02 VBOX   VBOXBIOS 00000002 INTL 20100528)
[    0.000000] ACPI: FACS 0x000000007FFF0200 000040
[    0.000000] ACPI: FACS 0x000000007FFF0200 000040
[    0.000000] ACPI: APIC 0x000000007FFF0240 00005C (v02 VBOX   VBOXAPIC 00000001 ASL  00000061)
[    0.000000] ACPI: SSDT 0x000000007FFF02A0 0001CC (v01 VBOX   VBOXCPUT 00000002 INTL 20100528)
[    0.000000] No NUMA configuration found
[    0.000000] Faking a node at [mem 0x0000000000000000-0x000000007ffeffff]
[    0.000000] NODE_DATA(0) allocated [mem 0x7ffc5000-0x7ffeffff]
[    0.000000] kvm-clock: cpu 0, msr 0:7ff44001, primary cpu clock
[    0.000000] kvm-clock: Using msrs 4b564d01 and 4b564d00
[    0.000000] kvm-clock: using sched offset of 3681579856 cycles
[    0.000000] clocksource: kvm-clock: mask: 0xffffffffffffffff max_cycles: 0x1cd42e4dffb, max_idle_ns: 881590591483 ns
[    0.000000] Zone ranges:
[    0.000000]   DMA      [mem 0x0000000000001000-0x0000000000ffffff]
[    0.000000]   DMA32    [mem 0x0000000001000000-0x000000007ffeffff]
[    0.000000]   Normal   empty
[    0.000000]   Device   empty
[    0.000000] Movable zone start for each node
[    0.000000] Early memory node ranges
[    0.000000]   node   0: [mem 0x0000000000001000-0x000000000009efff]
[    0.000000]   node   0: [mem 0x0000000000100000-0x000000007ffeffff]
[    0.000000] Reserved but unavailable: 98 pages
[    0.000000] Initmem setup node 0 [mem 0x0000000000001000-0x000000007ffeffff]
[    0.000000] ACPI: PM-Timer IO Port: 0x4008
[    0.000000] IOAPIC[0]: apic_id 2, version 32, address 0xfec00000, GSI 0-23
[    0.000000] ACPI: INT_SRC_OVR (bus 0 bus_irq 0 global_irq 2 dfl dfl)
[    0.000000] ACPI: INT_SRC_OVR (bus 0 bus_irq 9 global_irq 9 low level)
[    0.000000] Using ACPI (MADT) for SMP configuration information
[    0.000000] smpboot: Allowing 2 CPUs, 0 hotplug CPUs
[    0.000000] PM: Registered nosave memory: [mem 0x00000000-0x00000fff]
[    0.000000] PM: Registered nosave memory: [mem 0x0009f000-0x0009ffff]
[    0.000000] PM: Registered nosave memory: [mem 0x000a0000-0x000effff]
[    0.000000] PM: Registered nosave memory: [mem 0x000f0000-0x000fffff]
[    0.000000] e820: [mem 0x80000000-0xfebfffff] available for PCI devices
[    0.000000] Booting paravirtualized kernel on KVM
[    0.000000] clocksource: refined-jiffies: mask: 0xffffffff max_cycles: 0xffffffff, max_idle_ns: 7645519600211568 ns
[    0.000000] random: get_random_bytes called from start_kernel+0x99/0x500 with crng_init=0
[    0.000000] setup_percpu: NR_CPUS:8192 nr_cpumask_bits:2 nr_cpu_ids:2 nr_node_ids:1
[    0.000000] percpu: Embedded 45 pages/cpu s147456 r8192 d28672 u1048576
[    0.000000] PV qspinlock hash table entries: 256 (order: 0, 4096 bytes)
[    0.000000] Built 1 zonelists, mobility grouping on.  Total pages: 515961
[    0.000000] Policy zone: DMA32
[    0.000000] Kernel command line: BOOT_IMAGE=/boot/vmlinuz-4.15.0-121-generic root=LABEL=cloudimg-rootfs ro console=tty1 console=ttyS0
[    0.000000] Memory: 2015224K/2096696K available (12300K kernel code, 2482K rwdata, 4272K rodata, 2436K init, 2724K bss, 81472K reserved, 0K cma-reserved)
[    0.000000] SLUB: HWalign=64, Order=0-3, MinObjects=0, CPUs=2, Nodes=1
[    0.000000] Kernel/User page tables isolation: enabled
[    0.000000] ftrace: allocating 39402 entries in 154 pages
[    0.004000] Hierarchical RCU implementation.
[    0.004000] 	RCU restricting CPUs from NR_CPUS=8192 to nr_cpu_ids=2.
[    0.004000] 	Tasks RCU enabled.
[    0.004000] RCU: Adjusting geometry for rcu_fanout_leaf=16, nr_cpu_ids=2
[    0.004000] NR_IRQS: 524544, nr_irqs: 440, preallocated irqs: 16
[    0.004000] Console: colour VGA+ 80x25
[    0.004000] console [tty1] enabled
[    0.004000] console [ttyS0] enabled
[    0.004000] ACPI: Core revision 20170831
[    0.004000] ACPI: 2 ACPI AML tables successfully acquired and loaded
[    0.004000] APIC: Switch to symmetric I/O mode setup
[    0.004000] x2apic enabled
[    0.004000] Switched APIC routing to physical x2apic.
[    0.004000] ..TIMER: vector=0x30 apic1=0 pin1=2 apic2=-1 pin2=-1
[    0.004005] tsc: Detected 2494.226 MHz processor
[    0.004945] Calibrating delay loop (skipped) preset value.. 4988.45 BogoMIPS (lpj=9976904)
[    0.005509] pid_max: default: 32768 minimum: 301
[    0.008026] Security Framework initialized
[    0.008855] Yama: becoming mindful.
[    0.009664] AppArmor: AppArmor initialized
[    0.011930] Dentry cache hash table entries: 262144 (order: 9, 2097152 bytes)
[    0.013330] Inode-cache hash table entries: 131072 (order: 8, 1048576 bytes)
[    0.016023] Mount-cache hash table entries: 4096 (order: 3, 32768 bytes)
[    0.017226] Mountpoint-cache hash table entries: 4096 (order: 3, 32768 bytes)
[    0.018842] Last level iTLB entries: 4KB 1024, 2MB 1024, 4MB 1024
[    0.020004] Last level dTLB entries: 4KB 1024, 2MB 1024, 4MB 1024, 1GB 4
[    0.021675] Spectre V1 : Mitigation: usercopy/swapgs barriers and __user pointer sanitization
[    0.024002] Spectre V2 : Mitigation: Full generic retpoline
[    0.025081] Spectre V2 : Spectre v2 / SpectreRSB mitigation: Filling RSB on context switch
[    0.026991] Speculative Store Bypass: Vulnerable
[    0.028053] SRBDS: Unknown: Dependent on hypervisor status
[    0.029714] MDS: Mitigation: Clear CPU buffers
[    0.030902] Freeing SMP alternatives memory: 36K
[    0.144085] smpboot: CPU0: Intel(R) Core(TM) i7-4870HQ CPU @ 2.50GHz (family: 0x6, model: 0x46, stepping: 0x1)
[    0.146744] Performance Events: unsupported p6 CPU model 70 no PMU driver, software events only.
[    0.148081] Hierarchical SRCU implementation.
[    0.149706] NMI watchdog: Perf event create on CPU 0 failed with -2
[    0.151106] NMI watchdog: Perf NMI watchdog permanently disabled
[    0.152043] smp: Bringing up secondary CPUs ...
[    0.153170] x86: Booting SMP configuration:
[    0.153936] .... node  #0, CPUs:      #1
[    0.004000] kvm-clock: cpu 1, msr 0:7ff44041, secondary cpu clock
[    0.158838] smp: Brought up 1 node, 2 CPUs
[    0.158838] smpboot: Max logical packages: 1
[    0.160017] smpboot: Total of 2 processors activated (9976.90 BogoMIPS)
[    0.161882] devtmpfs: initialized
[    0.161882] x86/mm: Memory block size: 128MB
[    0.164279] evm: security.selinux
[    0.164948] evm: security.SMACK64
[    0.165611] evm: security.SMACK64EXEC
[    0.166353] evm: security.SMACK64TRANSMUTE
[    0.167182] evm: security.SMACK64MMAP
[    0.168003] evm: security.apparmor
[    0.168661] evm: security.ima
[    0.169239] evm: security.capability
[    0.169965] clocksource: jiffies: mask: 0xffffffff max_cycles: 0xffffffff, max_idle_ns: 7645041785100000 ns
[    0.172015] futex hash table entries: 512 (order: 3, 32768 bytes)
[    0.173182] pinctrl core: initialized pinctrl subsystem
[    0.174236] RTC time: 21:52:25, date: 10/16/20
[    0.175210] NET: Registered protocol family 16
[    0.176110] audit: initializing netlink subsys (disabled)
[    0.177674] audit: type=2000 audit(1602885150.322:1): state=initialized audit_enabled=0 res=1
[    0.180016] cpuidle: using governor ladder
[    0.180882] cpuidle: using governor menu
[    0.181706] ACPI: bus type PCI registered
[    0.182693] acpiphp: ACPI Hot Plug PCI Controller Driver version: 0.5
[    0.184113] PCI: Using configuration type 1 for base access
[    0.188135] HugeTLB registered 2.00 MiB page size, pre-allocated 0 pages
[    0.189495] ACPI: Added _OSI(Module Device)
[    0.189495] ACPI: Added _OSI(Processor Device)
[    0.192004] ACPI: Added _OSI(3.0 _SCP Extensions)
[    0.192870] ACPI: Added _OSI(Processor Aggregator Device)
[    0.193855] ACPI: Added _OSI(Linux-Dell-Video)
[    0.195330] ACPI: Added _OSI(Linux-Lenovo-NV-HDMI-Audio)
[    0.196018] ACPI: Added _OSI(Linux-HPI-Hybrid-Graphics)
[    0.197428] ACPI: Executed 1 blocks of module-level executable AML code
[    0.202383] ACPI: Interpreter enabled
[    0.203378] ACPI: (supports S0 S5)
[    0.204000] ACPI: Using IOAPIC for interrupt routing
[    0.204222] PCI: Using host bridge windows from ACPI; if necessary, use "pci=nocrs" and report a bug
[    0.206140] ACPI: Enabled 2 GPEs in block 00 to 07
[    0.215585] ACPI: PCI Root Bridge [PCI0] (domain 0000 [bus 00-ff])
[    0.216009] acpi PNP0A03:00: _OSC: OS supports [ASPM ClockPM Segments MSI]
[    0.217659] acpi PNP0A03:00: _OSC: not requesting OS control; OS requires [ExtendedConfig ASPM ClockPM MSI]
[    0.220014] acpi PNP0A03:00: fail to add MMCONFIG information, can't access extended PCI configuration space under this bridge.
[    0.222720] PCI host bridge to bus 0000:00
[    0.223559] pci_bus 0000:00: root bus resource [io  0x0000-0x0cf7 window]
[    0.224003] pci_bus 0000:00: root bus resource [io  0x0d00-0xffff window]
[    0.225211] pci_bus 0000:00: root bus resource [mem 0x000a0000-0x000bffff window]
[    0.226714] pci_bus 0000:00: root bus resource [mem 0x80000000-0xfdffffff window]
[    0.228013] pci_bus 0000:00: root bus resource [bus 00-ff]
[    0.233446] pci 0000:00:01.1: legacy IDE quirk: reg 0x10: [io  0x01f0-0x01f7]
[    0.234700] pci 0000:00:01.1: legacy IDE quirk: reg 0x14: [io  0x03f6]
[    0.235952] pci 0000:00:01.1: legacy IDE quirk: reg 0x18: [io  0x0170-0x0177]
[    0.236004] pci 0000:00:01.1: legacy IDE quirk: reg 0x1c: [io  0x0376]
[    0.259889] pci 0000:00:07.0: quirk: [io  0x4000-0x403f] claimed by PIIX4 ACPI
[    0.260028] pci 0000:00:07.0: quirk: [io  0x4100-0x410f] claimed by PIIX4 SMB
[    0.270926] ACPI: PCI Interrupt Link [LNKA] (IRQs 5 9 10 *11)
[    0.272327] ACPI: PCI Interrupt Link [LNKB] (IRQs 5 9 *10 11)
[    0.273525] ACPI: PCI Interrupt Link [LNKC] (IRQs 5 *9 10 11)
[    0.274737] ACPI: PCI Interrupt Link [LNKD] (IRQs 5 9 10 *11)
[    0.276470] SCSI subsystem initialized
[    0.277738] pci 0000:00:02.0: vgaarb: setting as boot VGA device
[    0.277738] pci 0000:00:02.0: vgaarb: VGA device added: decodes=io+mem,owns=io+mem,locks=none
[    0.280006] pci 0000:00:02.0: vgaarb: bridge control possible
[    0.281069] vgaarb: loaded
[    0.281707] ACPI: bus type USB registered
[    0.282478] usbcore: registered new interface driver usbfs
[    0.284016] usbcore: registered new interface driver hub
[    0.285004] usbcore: registered new device driver usb
[    0.285987] EDAC MC: Ver: 3.0.0
[    0.288221] PCI: Using ACPI for IRQ routing
[    0.289154] NetLabel: Initializing
[    0.289906] NetLabel:  domain hash size = 128
[    0.290744] NetLabel:  protocols = UNLABELED CIPSOv4 CALIPSO
[    0.292016] NetLabel:  unlabeled traffic allowed by default
[    0.293230] clocksource: Switched to clocksource kvm-clock
[    0.305667] VFS: Disk quotas dquot_6.6.0
[    0.306450] VFS: Dquot-cache hash table entries: 512 (order 0, 4096 bytes)
[    0.307879] AppArmor: AppArmor Filesystem Enabled
[    0.308997] pnp: PnP ACPI init
[    0.311567] pnp: PnP ACPI: found 3 devices
[    0.322224] clocksource: acpi_pm: mask: 0xffffff max_cycles: 0xffffff, max_idle_ns: 2085701024 ns
[    0.324258] NET: Registered protocol family 2
[    0.325323] TCP established hash table entries: 16384 (order: 5, 131072 bytes)
[    0.327339] TCP bind hash table entries: 16384 (order: 6, 262144 bytes)
[    0.328698] TCP: Hash tables configured (established 16384 bind 16384)
[    0.331392] UDP hash table entries: 1024 (order: 3, 32768 bytes)
[    0.332817] UDP-Lite hash table entries: 1024 (order: 3, 32768 bytes)
[    0.334211] NET: Registered protocol family 1
[    0.335158] pci 0000:00:00.0: Limiting direct PCI/PCI transfers
[    0.336543] pci 0000:00:01.0: Activating ISA DMA hang workarounds
[    0.337886] pci 0000:00:02.0: Video device with shadowed ROM at [mem 0x000c0000-0x000dffff]
[    0.339935] Unpacking initramfs...
[    0.588301] Freeing initrd memory: 19216K
[    0.589188] clocksource: tsc: mask: 0xffffffffffffffff max_cycles: 0x23f3eb3743e, max_idle_ns: 440795257847 ns
[    0.591541] platform rtc_cmos: registered platform RTC device (no PNP device found)
[    0.593721] Scanning for low memory corruption every 60 seconds
[    0.596188] Initialise system trusted keyrings
[    0.597425] Key type blacklist registered
[    0.598742] workingset: timestamp_bits=36 max_order=19 bucket_order=0
[    0.601005] zbud: loaded
[    0.602038] squashfs: version 4.0 (2009/01/31) Phillip Lougher
[    0.603402] fuse init (API version 7.26)
[    0.610686] Key type asymmetric registered
[    0.611837] Asymmetric key parser 'x509' registered
[    0.612875] Block layer SCSI generic (bsg) driver version 0.4 loaded (major 246)
[    0.614481] io scheduler noop registered
[    0.615576] io scheduler deadline registered
[    0.616650] io scheduler cfq registered (default)
[    0.618078] ACPI: AC Adapter [AC] (on-line)
[    0.618932] input: Power Button as /devices/LNXSYSTM:00/LNXPWRBN:00/input/input0
[    0.620518] ACPI: Power Button [PWRF]
[    0.621700] input: Sleep Button as /devices/LNXSYSTM:00/LNXSLPBN:00/input/input1
[    0.623524] ACPI: Sleep Button [SLPF]
[    0.626306] ACPI: Battery Slot [BAT0] (battery present)
[    0.628124] Serial: 8250/16550 driver, 32 ports, IRQ sharing enabled
[    0.651592] 00:02: ttyS0 at I/O 0x3f8 (irq = 4, base_baud = 115200) is a 16550A
[    0.658726] Linux agpgart interface v0.103
[    0.665168] loop: module loaded
[    0.666325] scsi host0: ata_piix
[    0.667151] scsi host1: ata_piix
[    0.668006] ata1: PATA max UDMA/33 cmd 0x1f0 ctl 0x3f6 bmdma 0xd000 irq 14
[    0.669461] ata2: PATA max UDMA/33 cmd 0x170 ctl 0x376 bmdma 0xd008 irq 15
[    0.671619] libphy: Fixed MDIO Bus: probed
[    0.672582] tun: Universal TUN/TAP device driver, 1.6
[    0.673724] PPP generic driver version 2.4.2
[    0.674616] ehci_hcd: USB 2.0 'Enhanced' Host Controller (EHCI) Driver
[    0.675959] ehci-pci: EHCI PCI platform driver
[    0.677209] ehci-platform: EHCI generic platform driver
[    0.678333] ohci_hcd: USB 1.1 'Open' Host Controller (OHCI) Driver
[    0.680202] ohci-pci: OHCI PCI platform driver
[    0.681456] ohci-platform: OHCI generic platform driver
[    0.682436] uhci_hcd: USB Universal Host Controller Interface driver
[    0.683665] i8042: PNP: PS/2 Controller [PNP0303:PS2K,PNP0f03:PS2M] at 0x60,0x64 irq 1,12
[    0.685623] serio: i8042 KBD port at 0x60,0x64 irq 1
[    0.686685] serio: i8042 AUX port at 0x60,0x64 irq 12
[    0.688173] mousedev: PS/2 mouse device common for all mice
[    0.689814] input: AT Translated Set 2 keyboard as /devices/platform/i8042/serio0/input/input2
[    0.691660] rtc_cmos rtc_cmos: rtc core: registered rtc_cmos as rtc0
[    0.693149] rtc_cmos rtc_cmos: alarms up to one day, 114 bytes nvram
[    0.694413] i2c /dev entries driver
[    0.695145] device-mapper: uevent: version 1.0.3
[    0.696486] device-mapper: ioctl: 4.37.0-ioctl (2017-09-20) initialised: dm-devel@redhat.com
[    0.698158] ledtrig-cpu: registered to indicate activity on CPUs
[    0.699572] NET: Registered protocol family 10
[    0.704382] Segment Routing with IPv6
[    0.705141] NET: Registered protocol family 17
[    0.706049] Key type dns_resolver registered
[    0.707072] mce: Using 0 MCE banks
[    0.707755] RAS: Correctable Errors collector initialized.
[    0.708841] sched_clock: Marking stable (708818264, 0)->(877009144, -168190880)
[    0.712084] registered taskstats version 1
[    0.713033] Loading compiled-in X.509 certificates
[    0.716056] Loaded X.509 cert 'Build time autogenerated kernel key: 517b2180bafe62ad6f81db3336688475b28504c0'
[    0.717985] zswap: loaded using pool lzo/zbud
[    0.722281] Key type big_key registered
[    0.723083] Key type trusted registered
[    0.725515] Key type encrypted registered
[    0.726486] AppArmor: AppArmor sha1 policy hashing enabled
[    0.727934] ima: No TPM chip found, activating TPM-bypass! (rc=-19)
[    0.729714] ima: Allocated hash algorithm: sha1
[    0.730674] evm: HMAC attrs: 0x1
[    0.731574]   Magic number: 8:794:904
[    0.732419] rtc_cmos rtc_cmos: setting system clock to 2020-10-16 21:52:25 UTC (1602885145)
[    0.734211] BIOS EDD facility v0.16 2004-Jun-25, 0 devices found
[    0.735392] EDD information not available.
[    0.853759] Freeing unused kernel image memory: 2436K
[    1.068258] Write protecting the kernel read-only data: 20480k
[    1.071628] Freeing unused kernel image memory: 2008K
[    1.073457] Freeing unused kernel image memory: 1872K
[    1.081301] x86/mm: Checked W+X mappings: passed, no W+X pages found.
[    1.082659] x86/mm: Checking user space page tables
[    1.088496] x86/mm: Checked W+X mappings: passed, no W+X pages found.
Loading, please wait...
starting version 237
[    1.152409] e1000: Intel(R) PRO/1000 Network Driver - version 7.3.21-k8-NAPI
[    1.153843] e1000: Copyright (c) 1999-2006 Intel Corporation.
[    1.158629] Fusion MPT base driver 3.04.20
[    1.159970] Copyright (c) 1999-2008 LSI Corporation
[    1.167616] Fusion MPT SPI Host driver 3.04.20
[    1.174429] AVX2 version of gcm_enc/dec engaged.
[    1.175408] AES CTR mode by8 optimization enabled
[    1.373518] input: ImExPS/2 Generic Explorer Mouse as /devices/platform/i8042/serio1/input/input4
[    1.562889] e1000 0000:00:03.0 eth0: (PCI:33MHz:32-bit) 02:3b:b1:b7:71:c1
[    1.564440] e1000 0000:00:03.0 eth0: Intel(R) PRO/1000 Network Connection
[    1.566707] mptbase: ioc0: Initiating bringup
[    1.566785] e1000 0000:00:03.0 enp0s3: renamed from eth0
[    2.076907] ioc0: LSI53C1030 A0: Capabilities={Initiator}
[    4.392943] scsi host2: ioc0: LSI53C1030 A0, FwRev=00000000h, Ports=1, MaxQ=256, IRQ=20
[    6.633882] scsi 2:0:0:0: Direct-Access     VBOX     HARDDISK         1.0  PQ: 0 ANSI: 5
[    6.664255] scsi target2:0:0: Beginning Domain Validation
[    6.667699] scsi target2:0:0: Domain Validation skipping write tests
[    6.668926] scsi target2:0:0: Ending Domain Validation
[    6.669981] scsi target2:0:0: asynchronous
[    6.671369] scsi 2:0:1:0: Direct-Access     VBOX     HARDDISK         1.0  PQ: 0 ANSI: 5
[    6.704447] scsi target2:0:1: Beginning Domain Validation
[    6.709240] random: fast init done
[    6.711161] scsi target2:0:1: Domain Validation skipping write tests
[    6.712578] scsi target2:0:1: Ending Domain Validation
[    6.713769] scsi target2:0:1: asynchronous
[    6.718455] random: systemd-udevd: uninitialized urandom read (16 bytes read)
[    6.719823] sd 2:0:0:0: Attached scsi generic sg0 type 0
[    6.719872] random: systemd-udevd: uninitialized urandom read (16 bytes read)
[    6.722475] random: systemd-udevd: uninitialized urandom read (16 bytes read)
[    6.723844] sd 2:0:0:0: [sda] 20971520 512-byte logical blocks: (10.7 GB/10.0 GiB)
[    6.724184] sd 2:0:1:0: Attached scsi generic sg1 type 0
[    6.726470] sd 2:0:0:0: [sda] Write Protect is off
[    6.727887] sd 2:0:1:0: [sdb] 20480 512-byte logical blocks: (10.5 MB/10.0 MiB)
[    6.729879] sd 2:0:1:0: [sdb] Write Protect is off
[    6.730956] sd 2:0:0:0: [sda] Incomplete mode parameter data
[    6.732182] sd 2:0:0:0: [sda] Assuming drive cache: write through
[    6.733438] sd 2:0:1:0: [sdb] Incomplete mode parameter data
[    6.735041] sd 2:0:1:0: [sdb] Assuming drive cache: write through
[    6.737348]  sda: sda1
[    6.738923] sd 2:0:0:0: [sda] Attached SCSI disk
[    6.739929] sd 2:0:1:0: [sdb] Attached SCSI disk
Begin: Loading essential drivers ... [    8.180176] raid6: sse2x1   gen() 11062 MB/s
[    8.228297] raid6: sse2x1   xor()  7643 MB/s
[    8.276095] raid6: sse2x2   gen() 11295 MB/s
[    8.324089] raid6: sse2x2   xor()  7251 MB/s
[    8.372768] raid6: sse2x4   gen() 15475 MB/s
[    8.420353] raid6: sse2x4   xor()  9619 MB/s
[    8.468088] raid6: avx2x1   gen() 18785 MB/s
[    8.516893] raid6: avx2x1   xor() 15015 MB/s
[    8.564221] raid6: avx2x2   gen() 24549 MB/s
[    8.612025] raid6: avx2x2   xor() 15609 MB/s
[    8.660432] raid6: avx2x4   gen() 29264 MB/s
[    8.709775] raid6: avx2x4   xor() 18261 MB/s
[    8.711111] raid6: using algorithm avx2x4 gen() 29264 MB/s
[    8.712915] raid6: .... xor() 18261 MB/s, rmw enabled
[    8.713868] raid6: using avx2x2 recovery algorithm
[    8.716261] xor: automatically using best checksumming function   avx       
[    8.718742] async_tx: api initialized (async)
done.
Begin: Running /scripts/init-premount ... done.
Begin: Mounting root file system ... Begin: Running /scripts/local-top ... done.
Begin: Running /scripts/local-premount ... [    8.761868] Btrfs loaded, crc32c=crc32c-intel
Scanning for Btrfs filesystems
done.
Warning: fsck not present, so skipping root file system
[    8.787679] EXT4-fs (sda1): mounted filesystem with ordered data mode. Opts: (null)
done.
Begin: Running /scripts/local-bottom ... done.
Begin: Running /scripts/init-bottom ... done.
[    8.904572] ip_tables: (C) 2000-2006 Netfilter Core Team
[    8.911781] systemd[1]: systemd 237 running in system mode. (+PAM +AUDIT +SELINUX +IMA +APPARMOR +SMACK +SYSVINIT +UTMP +LIBCRYPTSETUP +GCRYPT +GNUTLS +ACL +XZ +LZ4 +SECCOMP +BLKID +ELFUTILS +KMOD -IDN2 +IDN -PCRE2 default-hierarchy=hybrid)
[    8.915820] systemd[1]: Detected virtualization oracle.
[    8.916854] systemd[1]: Detected architecture x86-64.

Welcome to [1mUbuntu 18.04.5 LTS[0m!

[    8.922749] systemd[1]: Set hostname to <ubuntu>.
[    8.926938] systemd[1]: Initializing machine ID from random generator.
[    8.928873] systemd[1]: Installed transient /etc/machine-id file.
[    9.133503] systemd[1]: Set up automount Arbitrary Executable File Formats File System Automount Point.
[[0;32m  OK  [0m] Set up automount Arbitrary Executab…rmats File System Automount Point.
[    9.137959] systemd[1]: Created slice System Slice.
[[0;32m  OK  [0m] Created slice System Slice.
[    9.139560] systemd[1]: Listening on /dev/initctl Compatibility Named Pipe.
[[0;32m  OK  [0m] Listening on /dev/initctl Compatibility Named Pipe.
[    9.142361] systemd[1]: Reached target Swap.
[[0;32m  OK  [0m] Reached target Swap.
[[0;32m  OK  [0m] Listening on Journal Socket (/dev/log).
[[0;32m  OK  [0m] Listening on Journal Socket.
         Starting Load Kernel Modules...
         Starting Set the console keyboard layout...
[[0;32m  OK  [0m] Listening on LVM2 poll daemon socket.
[[0;32m  OK  [0m] Listening on Journal Audit Socket.
[[0;32m  OK  [0m] Listening on udev Control Socket.
         Mounting Kernel Debug File System...
[[0;32m  OK  [0m] Listening on Network Service Netlink Socket.
         Starting Create list of required st…ce nodes for the current kernel...
         Starting Uncomplicated firewall...
[[0;32m  OK  [0m] Reached target User and Group Name Lookups.
[[0;32m  OK  [0m] Listening on LVM2 metadata daemon socket.
[[0;32m  OK  [0m] Created slice system-serial\x2dgetty.slice.
[[0;32m  OK  [0m] Started Forward Password Requests to Wall Directory Watch.
[[0;32m  OK  [0m] Listening on udev Kernel Socket.
[    9.192420] Loading iSCSI transport class v2.0-870.
         Mounting POSIX Message Queue File System...
[[0;32m  OK  [0m] Created slice User and Session Slice.
[[0;32m  OK  [0m] Reached target Slices.
         Starting Remount Root and Kernel File Systems...
         Mounting Huge Pages File System...
[[0;32m  OK  [0m] Reached target System Time Synchronized.
[    9.204703] iscsi: registered transport (tcp)
         Starting udev Coldplug all Devices...
[    9.223382] EXT4-fs (sda1): re-mounted. Opts: (null)
[[0;32m  OK  [0m] Listening on Device-mapper event daemon FIFOs.
         Starting Monitoring of LVM2 mirrors…ng dmeventd or progress polling...
[[0;32m  OK  [0m] Listening on Syslog Socket.
         Starting Journal Service...
[[0;32m  OK  [0m] Mounted Kernel Debug File System.
[[0;32m  OK  [0m] Started Create list of required sta…vice nodes for the current kernel.
[[0;32m  OK  [0m] Started Uncomplicated firewall.
[[0;32m  OK  [0m] Mounted POSIX Message Queue File System.
[[0;32m  OK  [0m] Started Remount Root and Kernel File Systems.
[[0;32m  OK  [0m] Mounted Huge Pages File System.
[    9.250895] iscsi: registered transport (iser)
         Starting Load/Save Random Seed...
         Starting Create Static Device Nodes in /dev...
[[0;32m  OK  [0m] Started Journal Service.
[[0;32m  OK  [0m] Started Load Kernel Modules.
[[0;32m  OK  [0m] Started LVM2 metadata daemon.
         Starting Apply Kernel Variables...
         Mounting FUSE Control File System...
         Mounting Kernel Configuration File System...
         Starting Flush Journal to Persistent Storage...
[[0;32m  OK  [0m] Started Load/Save Random Seed.
[[0;32m  OK  [0m] Mounted FUSE Control File System.
[[0;32m  OK  [0m] Mounted Kernel Configuration File System.
[[0;32m  OK  [0m] Started Create Static Device Nodes in /dev.
         Starting udev Kernel Device Manager...
[[0;32m  OK  [0m] Started udev Coldplug all Devices.
[[0;32m  OK  [0m] Started udev Kernel Device Manager.
[[0;32m  OK  [0m] Started Monitoring of LVM2 mirrors,…sing dmeventd or progress polling.
[[0;32m  OK  [0m] Started Apply Kernel Variables.
[[0;32m  OK  [0m] Started Set the console keyboard layout.
[[0;32m  OK  [0m] Started Dispatch Password Requests to Console Directory Watch.
[[0;32m  OK  [0m] Reached target Local Encrypted Volumes.
[[0;32m  OK  [0m] Reached target Local File Systems (Pre).
[[0;32m  OK  [0m] Reached target Local File Systems.
         Starting ebtables ruleset management...
         Starting Commit a transient machine-id on disk...
         Starting Tell Plymouth To Write Out Runtime Data...
         Starting AppArmor initialization...
         Starting Set console font and keymap...
[[0;32m  OK  [0m] Started Flush Journal to Persistent Storage.
         Starting Create Volatile Files and Directories...
[[0;32m  OK  [0m] Started Tell Plymouth To Write Out Runtime Data.
[[0;32m  OK  [0m] Started Set console font and keymap.
[[0;32m  OK  [0m] Started Create Volatile Files and Directories.
         Starting Update UTMP about System Boot/Shutdown...
[[0;32m  OK  [0m] Started Update UTMP about System Boot/Shutdown.
[[0;32m  OK  [0m] Started Commit a transient machine-id on disk.
[[0;32m  OK  [0m] Started ebtables ruleset management.
[[0;32m  OK  [0m] Found device /dev/ttyS0.
[[0;32m  OK  [0m] Listening on Load/Save RF Kill Switch Status /dev/rfkill Watch.
[[0;32m  OK  [0m] Started AppArmor initialization.
         Starting Load AppArmor profiles managed internally by snapd...
         Starting Initial cloud-init job (pre-networking)...
[[0;32m  OK  [0m] Started Load AppArmor profiles managed internally by snapd.
[   11.267755] cloud-init[569]: Cloud-init v. 20.3-2-g371b392c-0ubuntu1~18.04.1 running 'init-local' at Fri, 16 Oct 2020 21:52:35 +0000. Up 10.95 seconds.
[[0;32m  OK  [0m] Started Initial cloud-init job (pre-networking).
[[0;32m  OK  [0m] Reached target Network (Pre).
         Starting Network Service...
[[0;32m  OK  [0m] Started Network Service.
         Starting Wait for Network to be Configured...
         Starting Network Name Resolution...
[[0;32m  OK  [0m] Started Network Name Resolution.
[[0;32m  OK  [0m] Reached target Network.
[[0;32m  OK  [0m] Reached target Host and Network Name Lookups.
[[0;32m  OK  [0m] Started Wait for Network to be Configured.
         Starting Initial cloud-init job (metadata service crawler)...
[   13.280086] cloud-init[687]: Cloud-init v. 20.3-2-g371b392c-0ubuntu1~18.04.1 running 'init' at Fri, 16 Oct 2020 21:52:37 +0000. Up 13.14 seconds.
[   13.282365] cloud-init[687]: ci-info: ++++++++++++++++++++++++++++++++++++++Net device info++++++++++++++++++++++++++++++++++++++
[   13.285153] cloud-init[687]: ci-info: +--------+------+----------------------------+---------------+--------+-------------------+
[   13.287485] cloud-init[687]: ci-info: | Device |  Up  |          Address           |      Mask     | Scope  |     Hw-Address    |
[   13.289822] cloud-init[687]: ci-info: +--------+------+----------------------------+---------------+--------+-------------------+
[   13.292617] cloud-init[687]: ci-info: | enp0s3 | True |         10.0.2.15          | 255.255.255.0 | global | 02:3b:b1:b7:71:c1 |
[   13.294993] cloud-init[687]: ci-info: | enp0s3 | True | fe80::3b:b1ff:feb7:71c1/64 |       .       |  link  | 02:3b:b1:b7:71:c1 |
[   13.310326] cloud-init[687]: ci-info: |   lo   | True |         127.0.0.1          |   255.0.0.0   |  host  |         .         |
[   13.324241] cloud-init[687]: ci-info: |   lo   | True |          ::1/128           |       .       |  host  |         .         |
[   13.325665] cloud-init[687]: ci-info: +--------+------+----------------------------+---------------+--------+-------------------+
[   13.336326] cloud-init[687]: ci-info: ++++++++++++++++++++++++++++Route IPv4 info+++++++++++++++++++++++++++++
[   13.348452] cloud-init[687]: ci-info: +-------+-------------+----------+-----------------+-----------+-------+
[   13.350669] cloud-init[687]: ci-info: | Route | Destination | Gateway  |     Genmask     | Interface | Flags |
[   13.353300] cloud-init[687]: ci-info: +-------+-------------+----------+-----------------+-----------+-------+
[   13.355317] cloud-init[687]: ci-info: |   0   |   0.0.0.0   | 10.0.2.2 |     0.0.0.0     |   enp0s3  |   UG  |
[   13.357240] cloud-init[687]: ci-info: |   1   |   10.0.2.0  | 0.0.0.0  |  255.255.255.0  |   enp0s3  |   U   |
[   13.359339] cloud-init[687]: ci-info: |   2   |   10.0.2.2  | 0.0.0.0  | 255.255.255.255 |   enp0s3  |   UH  |
[   13.361430] cloud-init[687]: ci-info: +-------+-------------+----------+-----------------+-----------+-------+
[   13.364972] cloud-init[687]: ci-info: +++++++++++++++++++Route IPv6 info+++++++++++++++++++
[   13.367580] cloud-init[687]: ci-info: +-------+-------------+---------+-----------+-------+
[   13.369331] cloud-init[687]: ci-info: | Route | Destination | Gateway | Interface | Flags |
[   13.371485] cloud-init[687]: ci-info: +-------+-------------+---------+-----------+-------+
[   13.374106] cloud-init[687]: ci-info: |   1   |  fe80::/64  |    ::   |   enp0s3  |   U   |
[   13.375854] cloud-init[687]: ci-info: |   3   |    local    |    ::   |   enp0s3  |   U   |
[   13.377411] cloud-init[687]: ci-info: |   4   |   ff00::/8  |    ::   |   enp0s3  |   U   |
[   13.380283] cloud-init[687]: ci-info: +-------+-------------+---------+-----------+-------+
[   13.943078] cloud-init[687]: Generating public/private rsa key pair.
[   13.945742] cloud-init[687]: Your identification has been saved in /etc/ssh/ssh_host_rsa_key.
[   13.947941] cloud-init[687]: Your public key has been saved in /etc/ssh/ssh_host_rsa_key.pub.
[   13.949515] cloud-init[687]: The key fingerprint is:
[   13.951189] cloud-init[687]: SHA256:GFWcn/l5BWE3tXLmWOmNGXHkejbaGKF77gdHXVDIalM root@ubuntu-bionic
[   13.953662] cloud-init[687]: The key's randomart image is:
[   13.955206] cloud-init[687]: +---[RSA 2048]----+
[   13.956603] cloud-init[687]: |        .o.. .=BB|
[   13.957771] cloud-init[687]: |       .  o  .E==|
[   13.959184] cloud-init[687]: |      .    . B.B+|
[   13.960508] cloud-init[687]: |       o    O X*+|
[   13.962191] cloud-init[687]: |      . S  o ====|
[   13.964458] cloud-init[687]: |            ..B+o|
[   13.976337] cloud-init[687]: |           . +oo |
[   13.977695] cloud-init[687]: |            o  . |
[   13.979132] cloud-init[687]: |            .o.  |
[   13.980218] cloud-init[687]: +----[SHA256]-----+
[[0;32m  OK  [0m] Started Initial cloud-init job (metadata service crawler).
[   14.000498] cloud-init[687]: Generating public/private dsa key pair.
[[0;32m  OK  [0m] [   14.012633] cloud-init[687]: Your identification has been saved in /etc/ssh/ssh_host_dsa_key.
[   14.013241] cloud-init[687]: Your public key has been saved in /etc/ssh/ssh_host_dsa_key.pub.
[   14.015465] cloud-init[687]: The key fingerprint is:
[   14.017227] cloud-init[687]: SHA256:j4ieHGV0lqso+HbHIayJYls43ADo++Da5DBfWaJ/9cI root@ubuntu-bionic
[   14.017946] cloud-init[687]: The key's randomart image is:
Reached target System Initialization.
[[0;32m  OK  [0m[   14.018712] cloud-init[687]: +---[DSA 1024]----+
[   14.025218] cloud-init[687]: |                 |
[   14.026771] cloud-init[687]: |.        .       |
[   14.027265] cloud-init[687]: |o     . +        |
] [   14.028374] Started Discard unused blocks once a week.cloud-init
[687]: |o    . o .       |
[[0;32m  OK  [0m] [   14.032025] cloud-init[687]: | o .. + S        |
[   14.032319] cloud-init[687]: |..=.oO.o.o       |
Listening on UUID daemon activation socket.[   14.033457] 
cloud-init[687]: |+B+=*oo+...      |
[[   14.044672] cloud-init[687]: |+XO*.o+ E .      |
[   14.045025] cloud-init[687]: |=+*o=o   .       |
[   14.046581] cloud-init[687]: +----[SHA256]-----+
[   14.047346] cloud-init[687]: Generating public/private ecdsa key pair.
[   14.048394] cloud-init[687]: Your identification has been saved in /etc/ssh/ssh_host_ecdsa_key.
[   14.049400] cloud-init[687]: Your public key has been saved in /etc/ssh/ssh_host_ecdsa_key.pub.
[   14.051133] cloud-init[687]: The key fingerprint is:
[   14.052592] cloud-init[687]: SHA256:RamFRVpDHdzhQEl8DEqpf1HHe+k3LkV/S27BGV8TJ1c root@ubuntu-bionic
[   14.053692] cloud-init[687]: The key's randomart image is:
[   14.055486] cloud-init[687]: +---[ECDSA 256]---+
[   14.056266] cloud-init[687]: [0;32m  OK  [0m|         =OO**.oE|
[   14.057799] ] cloud-initStarted Daily apt download activities.[687]: 
|        .=+o=o*.=|
[   14.058026] cloud-init[687]: |        .+o  o.+=|
[[0;32m  OK  [0m] Started Message of the Day.
[   14.061184] cloud-init[687]: |        o.  .  *o|
[   14.062625] cloud-init[687]: |        S.   .+ O|
[   14.064547] cloud-init[[0;32m  OK  [0m[687]: |          . .  O=|
[   14.065833] cloud-init[687]: |           .  = *|
[   14.066261] cloud-init[687]: |             . = |
[   14.066926] cloud-init[687]: |              o  |
[   14.067575] cloud-init[687]: +----[SHA256]-----+
[   14.068463] cloud-init[687]: Generating public/private ed25519 key pair.
[   14.068915] cloud-init[687]: Your identification has been saved in /etc/ssh/ssh_host_ed25519_key.
[   14.070252] cloud-init[687]: Your public key has been saved in /etc/ssh/ssh_host_ed25519_key.pub.
[   14.071486] cloud-init[687]: The key fingerprint is:
[   14.071953] cloud-init[687]: SHA256:guvFfRJkwOP5OPQqxFOVxF6PXMC7XZnk+deCqRVbp3U root@ubuntu-bionic
[   14.072474] cloud-init[687]: The key's randomart image is:
[   14.073973] cloud-init[687]: +--[ED25519 256]--+
[   14.074432] cloud-init[687]: |     ..o.o..     |
[   14.075092] cloud-init[687]: |      o.+ o . .  |
[   14.075750] cloud-init[687]: |     . =oo = o + |
[   14.076421] cloud-init[687]: |     .=o. + o B E|
[   14.077286] cloud-init[687]: |   ..o.+S  o B =o|
[   14.078420] cloud-init[687]: |    +oooo.. * o +|
[   14.079969] cloud-init[687]: |   ...ooo .o   ..|
[   14.080548] cloud-init[687]: |   ....  o.      |
[   14.080760] cloud-init[687]: |    ..           |
[   14.080929] cloud-init[687]: +----[SHA256]-----+
] Started Daily Cleanup of Temporary Directories.
[[0;32m  OK  [0m] Started ACPI Events Check.
[[0;32m  OK  [0m] Listening on Open-iSCSI iscsid Socket.
         Starting LXD - unix socket.
         Starting Socket activation for snappy daemon.
[[0;32m  OK  [0m] Listening on ACPID Listen Socket.
[[0;32m  OK  [0m] Started Daily apt upgrade and clean activities.
[[0;32m  OK  [0m] Reached target Timers.
[[0;32m  OK  [0m] Listening on D-Bus System Message Bus Socket.
[[0;32m  OK  [0m] Reached target Paths.
[[0;32m  OK  [0m] Reached target Network is Online.
[[0;32m  OK  [0m] Reached target Remote File Systems (Pre).
[[0;32m  OK  [0m] Reached target Remote File Systems.
         Starting Availability of block devices...
[[0;32m  OK  [0m] Reached target Cloud-config availability.
[[0;32m  OK  [0m] Listening on LXD - unix socket.
[[0;32m  OK  [0m] Listening on Socket activation for snappy daemon.
[[0;32m  OK  [0m] Started Availability of block devices.
[[0;32m  OK  [0m] Reached target Sockets.
[[0;32m  OK  [0m] Reached target Basic System.
[[0;32m  OK  [0m] Started Deferred execution scheduler.
         Starting System Logging Service...
         Starting Login Service...
         Starting LXD - container startup/shutdown...
         Starting Permit User Sessions...
         Starting Pollinate to seed the pseudo random number generator...
         Starting Accounts Service...
[[0;32m  OK  [0m] Started irqbalance daemon.
[[0;32m  OK  [0m] Started FUSE filesystem for LXC.
         Starting Snap Daemon...
         Starting Dispatcher daemon for systemd-networkd...
         Starting LSB: Record successful boot for GRUB...
         Starting LSB: automatic crash report generation...
         Starting Virtualbox guest utils...
[[0;32m  OK  [0m] Started D-Bus System Message Bus.
[[0;32m  OK  [0m] Started Login Service.
[[0;32m  OK  [0m] Started Unattended Upgrades Shutdown.
[[0;32m  OK  [0m] Started Regular background program processing daemon.
[[0;32m  OK  [0m] Started System Logging Service.
[[0;32m  OK  [0m] Started LXD - container startup/shutdown.
[[0;32m  OK  [0m] Started Permit User Sessions.
         Starting Hold until boot process finishes up...
         Starting Terminate Plymouth Boot Screen...
[[0;32m  OK  [0m] Started Hold until boot process finishes up.
[[0;32m  OK  [0m] Started Serial Getty on ttyS0.
         Starting Set console scheme...
[[0;32m  OK  [0m] Started Terminate Plymouth Boot Screen.
[[0;32m  OK  [0m] Started Set console scheme.
[[0;32m  OK  [0m] Created slice system-getty.slice.
[[0;32m  OK  [0m] Started Getty on tty1.
[[0;32m  OK  [0m] Reached target Login Prompts.
         Starting Authorization Manager...
[[0;32m  OK  [0m] Started LSB: Record successful boot for GRUB.
[[0;32m  OK  [0m] Started LSB: automatic crash report generation.
[[0;32m  OK  [0m] Started Virtualbox guest utils.
[[0;32m  OK  [0m] Started Authorization Manager.
[[0;32m  OK  [0m] Started Accounts Service.
[[0;32m  OK  [0m] Started Dispatcher daemon for systemd-networkd.
[[0;32m  OK  [0m] Started Snap Daemon.
         Starting Wait until snapd is fully seeded...
[[0;32m  OK  [0m] Started Pollinate to seed the pseudo random number generator.
         Starting OpenBSD Secure Shell server...
[[0;32m  OK  [0m] Started OpenBSD Secure Shell server.
[[0;32m  OK  [0m] Created slice User Slice of vagrant.
         Starting User Manager for UID 1000...
[[0;32m  OK  [0m] Started Session 1 of user vagrant.
[[0;32m  OK  [0m] Started User Manager for UID 1000.
[[0;32m  OK  [0m] Started Wait until snapd is fully seeded.
[[0;32m  OK  [0m] Reached target Multi-User System.
[[0;32m  OK  [0m] Reached target Graphical Interface.
         Starting Update UTMP about System Runlevel Changes...
         Starting Apply the settings specified in cloud-config...
[[0;32m  OK  [0m] Started Update UTMP about System Runlevel Changes.
[   16.847248] cloud-init[1207]: Cloud-init v. 20.3-2-g371b392c-0ubuntu1~18.04.1 running 'modules:config' at Fri, 16 Oct 2020 21:52:41 +0000. Up 16.48 seconds.
[[0;32m  OK  [0m] Started Apply the settings specified in cloud-config.
         Starting Execute cloud user/final scripts...
ci-info: no authorized SSH keys fingerprints found for user ubuntu.
<14>Oct 16 21:52:42 ec2: 
<14>Oct 16 21:52:42 ec2: #############################################################
<14>Oct 16 21:52:42 ec2: -----BEGIN SSH HOST KEY FINGERPRINTS-----
<14>Oct 16 21:52:42 ec2: 1024 SHA256:j4ieHGV0lqso+HbHIayJYls43ADo++Da5DBfWaJ/9cI root@ubuntu-bionic (DSA)
<14>Oct 16 21:52:42 ec2: 256 SHA256:RamFRVpDHdzhQEl8DEqpf1HHe+k3LkV/S27BGV8TJ1c root@ubuntu-bionic (ECDSA)
<14>Oct 16 21:52:42 ec2: 256 SHA256:guvFfRJkwOP5OPQqxFOVxF6PXMC7XZnk+deCqRVbp3U root@ubuntu-bionic (ED25519)
<14>Oct 16 21:52:42 ec2: 2048 SHA256:GFWcn/l5BWE3tXLmWOmNGXHkejbaGKF77gdHXVDIalM root@ubuntu-bionic (RSA)
<14>Oct 16 21:52:42 ec2: -----END SSH HOST KEY FINGERPRINTS-----
<14>Oct 16 21:52:42 ec2: #############################################################
-----BEGIN SSH HOST KEY KEYS-----
ecdsa-sha2-nistp256 AAAAE2VjZHNhLXNoYTItbmlzdHAyNTYAAAAIbmlzdHAyNTYAAABBBLig2w6cEtHwgpqiRss5qRyLsQ6n0pVyRM65tXOonpK6aFQ0U8WorRDj9+6yJQPnUJBVu+knaDoJ56aL5tBIsGI= root@ubuntu-bionic
ssh-ed25519 AAAAC3NzaC1lZDI1NTE5AAAAIIcBSEORcI54xDz7uihWXpCwb/a1fQ4HW2homuBGhlOb root@ubuntu-bionic
ssh-rsa AAAAB3NzaC1yc2EAAAADAQABAAABAQDMTFvrPS2nmL3y3sCtp3kje5hBv7ME2v1FQbAZFl8cgCYV/qkAb35dXsHj+mudLNwA7WVFdGhB/T6JAQ6s1RFGzEtP5o0aNLkDzgqrzmGE0sPCPGOnqwazVHhmAP++KhEQVcjBB0DmMIADs3RtNWY2lstH7bE8FoAzEp1iFXjSt8/eCOjTPzQtbSnLSl+11zPtpahoz1e706me7jPNKDB8+rsmWVUtTWHZ1mlTfdKuOF3yaPoMlmI3Hpi1VxkwfbCqlm2fa6Cu4qfvn4pxfj7rsBIxzEqQSPmPZ7CeezJGa+6+Dr8lSconLvmrgH1EMil57eVmoXtLSF5A2o4el4Kf root@ubuntu-bionic
-----END SSH HOST KEY KEYS-----
[   17.509146] cloud-init[1280]: Cloud-init v. 20.3-2-g371b392c-0ubuntu1~18.04.1 running 'modules:final' at Fri, 16 Oct 2020 21:52:42 +0000. Up 17.35 seconds.
[   17.510605] cloud-init[1280]: ci-info: no authorized SSH keys fingerprints found for user ubuntu.
[   17.511961] cloud-init[1280]: Cloud-init v. 20.3-2-g371b392c-0ubuntu1~18.04.1 finished at Fri, 16 Oct 2020 21:52:42 +0000. Datasource DataSourceNoCloud [seed=/dev/sdb][dsmode=net].  Up 17.50 seconds
[[0;32m  OK  [0m] Started Execute cloud user/final scripts.
[[0;32m  OK  [0m] Reached target Cloud-init target.

Ubuntu 18.04.5 LTS ubuntu-bionic ttyS0

ubuntu-bionic login: 